

> web@0.0.1 build /Users/enrique/Documents/universidad/semestral-ds9/apps/web
> vite build

[36mvite v6.3.5 [32mbuilding SSR bundle for production...[36m[39m
[2K[1Gtransforming (1) [2m.svelte-kit/generated/server/internal.js[22m[2K[1Gtransforming (32) [2m../../node_modules/.pnpm/esm-env@1.2.2/node_modules/esm-env/true.js[22m[2K[1Gtransforming (159) [2m../../node_modules/.pnpm/svelte@5.34.3/node_modules/svelte/src/internal/cl[2K[1G[2K[1G[2K[1G[2K[1G[2K[1G[2K[1G[2K[1G[2K[1G[2K[1G[2K[1G[2K[1G[2K[1G[2K[1G[2K[1G[2K[1G[2K[1G[2K[1G[2K[1G[2K[1G[2K[1G[2K[1G[32m✓[39m 177 modules transformed.
[2K[1Grendering chunks (1)...[2K[1Grendering chunks (2)...[2K[1Grendering chunks (3)...[2K[1Grendering chunks (4)...[2K[1Grendering chunks (5)...[2K[1Grendering chunks (6)...[2K[1Grendering chunks (7)...[2K[1Grendering chunks (8)...[2K[1G[36mvite v6.3.5 [32mbuilding for production...[36m[39m
[2K[1Gtransforming (1) [2m.svelte-kit/generated/client-optimized/app.js[22m[2K[1Gtransforming (101) [2m../../node_modules/.pnpm/devalue@5.1.1/node_modules/devalue/index.js[22m[2K[1G[2K[1G[2K[1G[2K[1G[2K[1G[2K[1G[2K[1G[2K[1G[2K[1G[2K[1G[2K[1G[2K[1G[2K[1G[2K[1G[2K[1G[2K[1G[2K[1G[2K[1G[32m✓[39m 138 modules transformed.
[2K[1Grendering chunks (1)...[2K[1Grendering chunks (2)...[2K[1Grendering chunks (3)...[2K[1Grendering chunks (4)...[2K[1Grendering chunks (5)...[2K[1Grendering chunks (6)...[2K[1Grendering chunks (7)...[2K[1Grendering chunks (8)...[2K[1Grendering chunks (9)...[2K[1Grendering chunks (10)...[2K[1Grendering chunks (11)...[2K[1G[2K[1Gcomputing gzip size (0)...[2K[1Gcomputing gzip size (1)...[2K[1Gcomputing gzip size (2)...[2K[1Gcomputing gzip size (3)...[2K[1Gcomputing gzip size (4)...[2K[1Gcomputing gzip size (5)...[2K[1Gcomputing gzip size (6)...[2K[1Gcomputing gzip size (7)...[2K[1Gcomputing gzip size (8)...[2K[1Gcomputing gzip size (9)...[2K[1Gcomputing gzip size (10)...[2K[1Gcomputing gzip size (11)...[2K[1Gcomputing gzip size (12)...[2K[1Gcomputing gzip size (13)...[2K[1Gcomputing gzip size (14)...[2K[1G[2m.svelte-kit/output/client/[22m[32m_app/version.json                       [39m[1m[2m 0.03 kB[22m[1m[22m[2m │ gzip:  0.05 kB[22m
[2m.svelte-kit/output/client/[22m[32m.vite/manifest.json                     [39m[1m[2m 3.06 kB[22m[1m[22m[2m │ gzip:  0.64 kB[22m
[2m.svelte-kit/output/client/[22m[35m_app/immutable/assets/0.DBPST-04.css    [39m[1m[2m 9.44 kB[22m[1m[22m[2m │ gzip:  2.45 kB[22m
[2m.svelte-kit/output/client/[22m[36m_app/immutable/chunks/CK1MN0Xm.js       [39m[1m[2m 0.03 kB[22m[1m[22m[2m │ gzip:  0.05 kB[22m
[2m.svelte-kit/output/client/[22m[36m_app/immutable/entry/start.DfbCYFXq.js  [39m[1m[2m 0.08 kB[22m[1m[22m[2m │ gzip:  0.09 kB[22m
[2m.svelte-kit/output/client/[22m[36m_app/immutable/nodes/2.B37zPzt-.js      [39m[1m[2m 0.32 kB[22m[1m[22m[2m │ gzip:  0.24 kB[22m
[2m.svelte-kit/output/client/[22m[36m_app/immutable/chunks/C-KfyTv9.js       [39m[1m[2m 0.32 kB[22m[1m[22m[2m │ gzip:  0.25 kB[22m
[2m.svelte-kit/output/client/[22m[36m_app/immutable/nodes/0.CfYNG637.js      [39m[1m[2m 0.33 kB[22m[1m[22m[2m │ gzip:  0.24 kB[22m
[2m.svelte-kit/output/client/[22m[36m_app/immutable/chunks/BoVA4qQb.js       [39m[1m[2m 1.02 kB[22m[1m[22m[2m │ gzip:  0.58 kB[22m
[2m.svelte-kit/output/client/[22m[36m_app/immutable/nodes/1.BPzgbk3a.js      [39m[1m[2m 1.05 kB[22m[1m[22m[2m │ gzip:  0.60 kB[22m
[2m.svelte-kit/output/client/[22m[36m_app/immutable/chunks/DZiJEnfR.js       [39m[1m[2m 2.47 kB[22m[1m[22m[2m │ gzip:  1.36 kB[22m
[2m.svelte-kit/output/client/[22m[36m_app/immutable/entry/app.BUy5X_HW.js    [39m[1m[2m 7.71 kB[22m[1m[22m[2m │ gzip:  3.67 kB[22m
[2m.svelte-kit/output/client/[22m[36m_app/immutable/chunks/azicADLO.js       [39m[1m[2m14.75 kB[22m[1m[22m[2m │ gzip:  5.93 kB[22m
[2m.svelte-kit/output/client/[22m[36m_app/immutable/chunks/JfnxFd78.js       [39m[1m[2m32.66 kB[22m[1m[22m[2m │ gzip: 12.71 kB[22m
[32m✓ built in 212ms[39m
[2K[1G[2m.svelte-kit/output/server/[22m[32m.vite/manifest.json                         [39m[1m[2m  2.18 kB[22m[1m[22m
[2m.svelte-kit/output/server/[22m[35m_app/immutable/assets/_layout.BD77rgII.css  [39m[1m[2m  9.00 kB[22m[1m[22m
[2m.svelte-kit/output/server/[22m[36mentries/pages/_layout.svelte.js             [39m[1m[2m  0.16 kB[22m[1m[22m
[2m.svelte-kit/output/server/[22m[36mentries/pages/_page.svelte.js               [39m[1m[2m  0.21 kB[22m[1m[22m
[2m.svelte-kit/output/server/[22m[36minternal.js                                 [39m[1m[2m  0.31 kB[22m[1m[22m
[2m.svelte-kit/output/server/[22m[36mentries/fallbacks/error.svelte.js           [39m[1m[2m  1.86 kB[22m[1m[22m
[2m.svelte-kit/output/server/[22m[36mchunks/index.js                             [39m[1m[2m  4.07 kB[22m[1m[22m
[2m.svelte-kit/output/server/[22m[36mchunks/exports.js                           [39m[1m[2m  6.87 kB[22m[1m[22m
[2m.svelte-kit/output/server/[22m[36mchunks/internal.js                          [39m[1m[2m 49.54 kB[22m[1m[22m
[2m.svelte-kit/output/server/[22m[36mindex.js                                    [39m[1m[2m133.54 kB[22m[1m[22m
[32m✓ built in 777ms[39m

Run [1m[36mnpm run preview[22m[39m to preview your production build locally.
[1m[36m
> Using @sveltejs/adapter-node[22m[39m
  [32m✔ done[39m
